<?xml version="1.0" encoding="UTF-8"?>
<testsuite xmlns:xsi="http://www.w3.org/2001/XMLSchema-instance" xsi:noNamespaceSchemaLocation="https://maven.apache.org/surefire/maven-surefire-plugin/xsd/surefire-test-report.xsd" name="runners.CukesRunner" time="396.297" tests="21" errors="0" skipped="0" failures="0">
  <properties>
[...]
</properties>
  <testcase name="The user should click all the options  of Förskola och barnomsorg" classname="Navigating Förskola och barnomsorg pages of Utbilding &amp; Barn Module in startsida" time="19.683"/>
  <testcase name="The user should click all the options  of Förskola och barnomsorg" classname="Navigating Förskola och barnomsorg pages of Utbilding &amp; Barn Module in startsida" time="15.854"/>
  <testcase name="The user should click all the options  of Förskola och barnomsorg" classname="Navigating Förskola och barnomsorg pages of Utbilding &amp; Barn Module in startsida" time="16.852"/>
  <testcase name="The user should click all the options  of Förskola och barnomsorg" classname="Navigating Förskola och barnomsorg pages of Utbilding &amp; Barn Module in startsida" time="15.806"/>
  <testcase name="The user should click all the options  of Förskola och barnomsorg" classname="Navigating Förskola och barnomsorg pages of Utbilding &amp; Barn Module in startsida" time="15.187"/>
  <testcase name="The user should click all the options  of Förskola och barnomsorg" classname="Navigating Förskola och barnomsorg pages of Utbilding &amp; Barn Module in startsida" time="13.962"/>
  <testcase name="The user should click all the options  of Förskola och barnomsorg" classname="Navigating Förskola och barnomsorg pages of Utbilding &amp; Barn Module in startsida" time="14.763"/>
  <testcase name="The user should click all the options  of Förskola och barnomsorg" classname="Navigating Förskola och barnomsorg pages of Utbilding &amp; Barn Module in startsida" time="17.247"/>
  <testcase name="The user should click all the options  of Förskola och barnomsorg" classname="Navigating Förskola och barnomsorg pages of Utbilding &amp; Barn Module in startsida" time="15.812"/>
  <testcase name="The user should click all the options  of Förskola och barnomsorg" classname="Navigating Förskola och barnomsorg pages of Utbilding &amp; Barn Module in startsida" time="15.053"/>
  <testcase name="The user should click all the options  of Förskola och barnomsorg" classname="Navigating Förskola och barnomsorg pages of Utbilding &amp; Barn Module in startsida" time="16.151"/>
  <testcase name="The user should click all the options  of Förskola och barnomsorg" classname="Navigating Förskola och barnomsorg pages of Utbilding &amp; Barn Module in startsida" time="15.7"/>
  <testcase name="The user should click all the options  of Förskola och barnomsorg" classname="Navigating Förskola och barnomsorg pages of Utbilding &amp; Barn Module in startsida" time="15.501"/>
  <testcase name="The user should read information of Förskola och barnomsorg" classname="Navigating Startida Utbilding &amp; Barn Module" time="13.295"/>
  <testcase name="The user should read information of Grundskola, grundsärskola" classname="Navigating Startida Utbilding &amp; Barn Module" time="14.226"/>
  <testcase name="The user should read information of Gymnasium" classname="Navigating Startida Utbilding &amp; Barn Module" time="16.078"/>
  <testcase name="The user should read information of Kulturskola" classname="Navigating Startida Utbilding &amp; Barn Module" time="13.354"/>
  <testcase name="The user should read information of Komvux" classname="Navigating Startida Utbilding &amp; Barn Module" time="15.21"/>
  <testcase name="The user should read information of  Välkomsten – för dig som är nyanländ" classname="Navigating Startida Utbilding &amp; Barn Module" time="14.087"/>
  <testcase name="The user should book an appointment Glasbruksmuseet i Surte" classname="Navigating Upplev Ale module" time="30.263"/>
  <testcase name="The user should reserve one room on www.glasbruksmuseet.se" classname="Navigating Upplev Ale module" time="70.659"/>
</testsuite>